item	target-relation	LC_vector	AC_vector
agent@N@SBJ sell@V@ROOT property@N@OBJ	SENTENCE	0.600 0.549 0.303 -0.383 -0.220 -0.129 0.036 -0.055 -0.153 0.090	0.641 0.407 0.449 -0.316 -0.231 -0.177 -0.059 -0.052 -0.157 -0.082
family@N@SBJ buy@V@ROOT home@N@OBJ	SENTENCE	0.440 0.531 0.531 -0.310 -0.208 -0.218 -0.064 -0.156 -0.166 -0.020	0.638 0.436 0.410 -0.329 -0.233 -0.184 -0.086 -0.095 -0.134 -0.056
agent@N@SBJ sell@V@ROOT property@N@OBJ	SENTENCE	0.488 0.566 0.445 -0.364 -0.245 -0.107 -0.033 -0.085 -0.179 -0.000	0.483 0.562 0.454 -0.359 -0.245 -0.116 -0.049 -0.093 -0.178 -0.010
group@N@SBJ hold@V@ROOT meeting@N@OBJ	SENTENCE	0.833 -0.151 0.212 -0.064 -0.141 -0.315 -0.196 -0.023 0.025 -0.276	0.533 0.516 0.455 -0.342 -0.245 -0.148 -0.078 -0.096 -0.164 -0.041
author@N@SBJ write@V@ROOT book@N@OBJ	SENTENCE	0.767 0.145 0.366 -0.190 -0.201 -0.297 -0.198 -0.081 -0.054 -0.208	0.657 0.350 0.439 -0.272 -0.232 -0.241 -0.160 -0.101 -0.114 -0.135
delegate@N@SBJ buy@V@ROOT land@N@OBJ	SENTENCE	0.466 0.573 0.456 -0.361 -0.245 -0.112 -0.049 -0.095 -0.180 -0.005	0.481 0.551 0.467 -0.348 -0.244 -0.137 -0.078 -0.104 -0.173 -0.027
author@N@SBJ write@V@ROOT book@N@OBJ	SENTENCE	0.727 0.223 0.401 -0.219 -0.214 -0.284 -0.193 -0.093 -0.076 -0.186	0.565 0.445 0.473 -0.300 -0.239 -0.213 -0.151 -0.117 -0.140 -0.100
man@N@SBJ hear@V@ROOT word@N@OBJ	SENTENCE	0.140 -0.245 0.121 -0.217 0.242 0.311 -0.575 0.227 -0.515 -0.236	0.567 0.442 0.473 -0.299 -0.239 -0.215 -0.153 -0.117 -0.139 -0.102
author@N@SBJ write@V@ROOT book@N@OBJ	SENTENCE	0.670 0.316 0.436 -0.255 -0.227 -0.259 -0.180 -0.105 -0.103 -0.154	0.603 0.401 0.463 -0.284 -0.236 -0.232 -0.165 -0.114 -0.127 -0.121
writer@N@SBJ read@V@ROOT word@N@OBJ	SENTENCE	0.477 0.520 0.492 -0.320 -0.242 -0.184 -0.139 -0.127 -0.160 -0.067	0.638 0.360 0.450 -0.271 -0.232 -0.245 -0.172 -0.109 -0.116 -0.137
case@N@SBJ require@V@ROOT attention@N@OBJ	SENTENCE	0.614 0.380 0.461 -0.274 -0.233 -0.244 -0.176 -0.116 -0.121 -0.133	0.667 0.322 0.437 -0.258 -0.228 -0.257 -0.178 -0.105 -0.105 -0.151
customer@N@SBJ pay@V@ROOT price@N@OBJ	SENTENCE	0.332 -0.075 -0.050 -0.328 -0.350 -0.304 0.277 -0.403 -0.564 0.037	0.679 0.312 0.430 -0.256 -0.227 -0.257 -0.174 -0.101 -0.102 -0.153
case@N@SBJ require@V@ROOT attention@N@OBJ	SENTENCE	0.614 0.380 0.461 -0.274 -0.233 -0.244 -0.176 -0.116 -0.121 -0.133	0.671 0.317 0.435 -0.256 -0.227 -0.258 -0.178 -0.104 -0.104 -0.153
patient@N@SBJ need@V@ROOT treatment@N@OBJ	SENTENCE	0.660 0.331 0.440 -0.260 -0.229 -0.254 -0.177 -0.106 -0.107 -0.148	0.678 0.308 0.431 -0.253 -0.226 -0.260 -0.179 -0.102 -0.101 -0.156
charity@N@SBJ help@V@ROOT people@N@OBJ	SENTENCE	-0.148 -0.248 -0.135 0.022 0.194 0.069 -0.619 0.191 -0.366 -0.549	0.690 0.291 0.425 -0.247 -0.224 -0.264 -0.180 -0.100 -0.096 -0.161
panel@N@SBJ discuss@V@ROOT issue@N@OBJ	SENTENCE	0.368 0.086 0.107 0.211 -0.012 0.344 -0.421 0.078 -0.688 -0.163	0.645 0.350 0.447 -0.267 -0.231 -0.249 -0.174 -0.108 -0.113 -0.141
charity@N@SBJ help@V@ROOT people@N@OBJ	SENTENCE	-0.148 -0.248 -0.135 0.022 0.194 0.069 -0.619 0.191 -0.366 -0.549	0.707 0.266 0.414 -0.238 -0.221 -0.270 -0.182 -0.096 -0.089 -0.169
school@N@SBJ encourage@V@ROOT child@N@OBJ	SENTENCE	-0.256 -0.129 0.015 -0.234 -0.177 0.522 -0.559 0.037 -0.465 -0.171	0.710 0.263 0.413 -0.237 -0.220 -0.271 -0.183 -0.095 -0.088 -0.170
committee@N@SBJ consider@V@ROOT matter@N@OBJ	SENTENCE	0.655 0.337 0.443 -0.262 -0.230 -0.253 -0.176 -0.107 -0.109 -0.146	0.707 0.267 0.415 -0.238 -0.221 -0.270 -0.182 -0.096 -0.089 -0.169
panel@N@SBJ discuss@V@ROOT issue@N@OBJ	SENTENCE	0.368 0.086 0.107 0.211 -0.012 0.344 -0.421 0.078 -0.688 -0.163	0.710 0.262 0.413 -0.237 -0.220 -0.271 -0.183 -0.095 -0.088 -0.171
committee@N@SBJ consider@V@ROOT matter@N@OBJ	SENTENCE	0.655 0.337 0.443 -0.263 -0.230 -0.253 -0.176 -0.107 -0.109 -0.146	0.713 0.258 0.411 -0.235 -0.220 -0.272 -0.183 -0.095 -0.087 -0.172
study@N@SBJ pose@V@ROOT problem@N@OBJ	SENTENCE	0.454 -0.027 0.409 -0.028 -0.195 0.039 -0.492 -0.453 -0.355 0.109	0.715 0.255 0.410 -0.234 -0.219 -0.272 -0.183 -0.094 -0.086 -0.173
commodity@N@SBJ meet@V@ROOT requirement@N@OBJ	SENTENCE	0.715 0.254 0.409 -0.234 -0.219 -0.272 -0.183 -0.094 -0.086 -0.173	0.715 0.255 0.410 -0.234 -0.219 -0.272 -0.183 -0.094 -0.086 -0.173
charity@N@SBJ help@V@ROOT people@N@OBJ	SENTENCE	-0.148 -0.248 -0.135 0.022 0.194 0.069 -0.619 0.191 -0.366 -0.549	0.715 0.255 0.410 -0.234 -0.219 -0.272 -0.183 -0.094 -0.086 -0.173
company@N@SBJ provide@V@ROOT system@N@OBJ	SENTENCE	0.715 0.255 0.410 -0.234 -0.219 -0.272 -0.183 -0.094 -0.086 -0.173	0.715 0.255 0.410 -0.234 -0.219 -0.272 -0.183 -0.094 -0.086 -0.173
government@N@SBJ use@V@ROOT power@N@OBJ	SENTENCE	0.656 0.337 0.442 -0.262 -0.229 -0.253 -0.176 -0.107 -0.109 -0.146	0.715 0.255 0.409 -0.234 -0.219 -0.272 -0.183 -0.094 -0.086 -0.173
company@N@SBJ suffer@V@ROOT loss@N@OBJ	SENTENCE	0.715 0.255 0.410 -0.234 -0.219 -0.272 -0.183 -0.094 -0.086 -0.173	0.715 0.255 0.410 -0.234 -0.219 -0.272 -0.183 -0.094 -0.086 -0.173
firm@N@SBJ cause@V@ROOT injury@N@OBJ	SENTENCE	0.424 0.570 0.491 -0.339 -0.242 -0.149 -0.109 -0.124 -0.175 -0.033	0.715 0.255 0.410 -0.234 -0.219 -0.272 -0.183 -0.094 -0.086 -0.173
customer@N@SBJ pay@V@ROOT price@N@OBJ	SENTENCE	0.332 -0.075 -0.050 -0.328 -0.350 -0.304 0.277 -0.403 -0.564 0.037	0.715 0.255 0.410 -0.234 -0.219 -0.272 -0.183 -0.094 -0.086 -0.173
company@N@SBJ cut@V@ROOT cost@N@OBJ	SENTENCE	0.715 0.255 0.410 -0.234 -0.219 -0.272 -0.183 -0.094 -0.086 -0.173	0.715 0.255 0.410 -0.234 -0.219 -0.272 -0.183 -0.094 -0.086 -0.173
customer@N@SBJ pay@V@ROOT price@N@OBJ	SENTENCE	0.332 -0.075 -0.050 -0.328 -0.350 -0.304 0.277 -0.403 -0.564 0.037	0.715 0.255 0.410 -0.234 -0.219 -0.272 -0.183 -0.094 -0.086 -0.173
graduate@N@SBJ begin@V@ROOT career@N@OBJ	SENTENCE	0.715 0.255 0.410 -0.234 -0.219 -0.272 -0.183 -0.094 -0.086 -0.173	0.715 0.255 0.410 -0.234 -0.219 -0.272 -0.183 -0.094 -0.086 -0.173
delegate@N@SBJ buy@V@ROOT land@N@OBJ	SENTENCE	0.715 0.255 0.410 -0.234 -0.219 -0.272 -0.183 -0.094 -0.086 -0.173	0.715 0.255 0.409 -0.234 -0.219 -0.272 -0.183 -0.094 -0.086 -0.173
agent@N@SBJ sell@V@ROOT property@N@OBJ	SENTENCE	0.715 0.255 0.409 -0.234 -0.219 -0.272 -0.183 -0.094 -0.086 -0.173	0.715 0.255 0.410 -0.234 -0.219 -0.272 -0.183 -0.094 -0.086 -0.173
delegate@N@SBJ buy@V@ROOT land@N@OBJ	SENTENCE	0.715 0.255 0.410 -0.234 -0.219 -0.272 -0.183 -0.094 -0.086 -0.173	0.715 0.255 0.410 -0.234 -0.219 -0.272 -0.183 -0.094 -0.086 -0.173
mother@N@SBJ leave@V@ROOT house@N@OBJ	SENTENCE	0.102 -0.196 0.129 -0.807 -0.038 -0.132 -0.416 -0.022 -0.062 0.296	0.715 0.255 0.410 -0.234 -0.219 -0.272 -0.183 -0.094 -0.086 -0.173
design@N@SBJ reduce@V@ROOT amount@N@OBJ	SENTENCE	0.715 0.255 0.409 -0.234 -0.219 -0.272 -0.183 -0.094 -0.086 -0.173	0.715 0.255 0.410 -0.234 -0.219 -0.272 -0.183 -0.094 -0.086 -0.173
company@N@SBJ cut@V@ROOT cost@N@OBJ	SENTENCE	0.715 0.255 0.410 -0.234 -0.219 -0.272 -0.183 -0.094 -0.086 -0.173	0.715 0.255 0.410 -0.234 -0.219 -0.272 -0.183 -0.094 -0.086 -0.173
doctor@N@SBJ use@V@ROOT test@N@OBJ	SENTENCE	0.661 0.330 0.440 -0.260 -0.229 -0.255 -0.177 -0.106 -0.107 -0.148	0.715 0.255 0.410 -0.234 -0.219 -0.272 -0.183 -0.094 -0.086 -0.173
physician@N@SBJ pass@V@ROOT time@N@OBJ	SENTENCE	0.700 0.247 0.291 0.019 -0.202 -0.159 -0.290 -0.462 -0.001 -0.023	0.715 0.255 0.410 -0.234 -0.219 -0.272 -0.183 -0.094 -0.086 -0.173
drug@N@SBJ produce@V@ROOT effect@N@OBJ	SENTENCE	0.655 0.337 0.443 -0.263 -0.230 -0.253 -0.176 -0.107 -0.109 -0.146	0.715 0.255 0.410 -0.234 -0.219 -0.272 -0.183 -0.094 -0.086 -0.173
committee@N@SBJ consider@V@ROOT matter@N@OBJ	SENTENCE	0.715 0.255 0.410 -0.234 -0.219 -0.272 -0.183 -0.094 -0.086 -0.173	0.715 0.255 0.410 -0.234 -0.219 -0.272 -0.183 -0.094 -0.086 -0.173
drug@N@SBJ produce@V@ROOT effect@N@OBJ	SENTENCE	0.655 0.337 0.443 -0.263 -0.230 -0.253 -0.176 -0.107 -0.109 -0.146	0.715 0.255 0.410 -0.234 -0.219 -0.272 -0.183 -0.094 -0.086 -0.173
employee@N@SBJ start@V@ROOT work@N@OBJ	SENTENCE	0.178 0.232 0.503 -0.362 -0.195 -0.179 -0.570 0.137 -0.338 -0.057	0.715 0.255 0.410 -0.234 -0.219 -0.272 -0.183 -0.094 -0.086 -0.173
employee@N@SBJ start@V@ROOT work@N@OBJ	SENTENCE	0.178 0.232 0.503 -0.362 -0.195 -0.179 -0.570 0.137 -0.338 -0.057	0.715 0.255 0.410 -0.234 -0.219 -0.272 -0.183 -0.094 -0.086 -0.173
graduate@N@SBJ begin@V@ROOT career@N@OBJ	SENTENCE	0.715 0.255 0.410 -0.234 -0.219 -0.272 -0.183 -0.094 -0.086 -0.173	0.715 0.255 0.410 -0.234 -0.219 -0.272 -0.183 -0.094 -0.086 -0.173
family@N@SBJ receive@V@ROOT letter@N@OBJ	SENTENCE	0.715 0.255 0.410 -0.234 -0.219 -0.272 -0.183 -0.094 -0.086 -0.173	0.715 0.255 0.410 -0.234 -0.219 -0.272 -0.183 -0.094 -0.086 -0.173
survey@N@SBJ collect@V@ROOT information@N@OBJ	SENTENCE	0.714 0.255 0.410 -0.234 -0.219 -0.272 -0.183 -0.094 -0.086 -0.173	0.715 0.255 0.410 -0.234 -0.219 -0.272 -0.183 -0.094 -0.086 -0.173
father@N@SBJ stretch@V@ROOT arm@N@OBJ	SENTENCE	0.172 0.300 0.300 -0.366 0.406 0.120 -0.356 -0.451 -0.304 -0.232	0.715 0.255 0.410 -0.234 -0.219 -0.272 -0.183 -0.094 -0.086 -0.173
man@N@SBJ wave@V@ROOT hand@N@OBJ	SENTENCE	0.538 -0.034 0.171 0.115 0.081 0.185 -0.696 -0.184 -0.302 -0.127	0.715 0.255 0.410 -0.234 -0.219 -0.272 -0.183 -0.094 -0.086 -0.173
firm@N@SBJ cause@V@ROOT injury@N@OBJ	SENTENCE	0.715 0.255 0.410 -0.234 -0.219 -0.272 -0.183 -0.094 -0.086 -0.173	0.715 0.255 0.410 -0.234 -0.219 -0.272 -0.183 -0.094 -0.086 -0.173
question@N@SBJ raise@V@ROOT head@N@OBJ	SENTENCE	0.715 0.255 0.409 -0.234 -0.219 -0.272 -0.183 -0.094 -0.086 -0.173	0.715 0.255 0.410 -0.234 -0.219 -0.272 -0.183 -0.094 -0.086 -0.173
force@N@SBJ win@V@ROOT battle@N@OBJ	SENTENCE	0.715 0.255 0.410 -0.234 -0.219 -0.272 -0.183 -0.094 -0.086 -0.173	0.715 0.255 0.410 -0.234 -0.219 -0.272 -0.183 -0.094 -0.086 -0.173
commodity@N@SBJ meet@V@ROOT requirement@N@OBJ	SENTENCE	0.715 0.255 0.410 -0.234 -0.219 -0.272 -0.183 -0.094 -0.086 -0.173	0.715 0.255 0.410 -0.234 -0.219 -0.272 -0.183 -0.094 -0.086 -0.173
force@N@SBJ win@V@ROOT battle@N@OBJ	SENTENCE	0.715 0.255 0.410 -0.234 -0.219 -0.272 -0.183 -0.094 -0.086 -0.173	0.715 0.255 0.410 -0.234 -0.219 -0.272 -0.183 -0.094 -0.086 -0.173
people@N@SBJ play@V@ROOT game@N@OBJ	SENTENCE	0.715 0.255 0.410 -0.234 -0.219 -0.272 -0.183 -0.094 -0.086 -0.173	0.715 0.255 0.410 -0.234 -0.219 -0.272 -0.183 -0.094 -0.086 -0.173
gentleman@N@SBJ close@V@ROOT eye@N@OBJ	SENTENCE	0.150 -0.228 0.261 -0.590 0.023 -0.044 0.223 -0.527 -0.422 -0.032	0.715 0.255 0.410 -0.234 -0.219 -0.272 -0.183 -0.094 -0.086 -0.173
father@N@SBJ stretch@V@ROOT arm@N@OBJ	SENTENCE	0.172 0.300 0.300 -0.366 0.406 0.120 -0.356 -0.451 -0.304 -0.232	0.715 0.255 0.410 -0.234 -0.219 -0.272 -0.183 -0.094 -0.086 -0.173
girl@N@SBJ like@V@ROOT people@N@OBJ	SENTENCE	-0.103 -0.172 -0.080 0.314 0.249 0.564 -0.487 -0.186 -0.436 -0.111	0.715 0.255 0.410 -0.234 -0.219 -0.272 -0.183 -0.094 -0.086 -0.173
plan@N@SBJ increase@V@ROOT number@N@OBJ	SENTENCE	0.715 0.255 0.409 -0.234 -0.219 -0.272 -0.183 -0.094 -0.086 -0.173	0.715 0.255 0.410 -0.234 -0.219 -0.272 -0.183 -0.094 -0.086 -0.173
girl@N@SBJ like@V@ROOT people@N@OBJ	SENTENCE	-0.103 -0.172 -0.080 0.314 0.249 0.564 -0.487 -0.186 -0.436 -0.111	0.715 0.255 0.410 -0.234 -0.219 -0.272 -0.183 -0.094 -0.086 -0.173
survey@N@SBJ collect@V@ROOT information@N@OBJ	SENTENCE	0.714 0.255 0.410 -0.234 -0.219 -0.272 -0.183 -0.094 -0.086 -0.173	0.715 0.255 0.410 -0.234 -0.219 -0.272 -0.183 -0.094 -0.086 -0.173
girl@N@SBJ like@V@ROOT people@N@OBJ	SENTENCE	-0.103 -0.172 -0.080 0.314 0.249 0.564 -0.487 -0.186 -0.436 -0.111	0.715 0.255 0.410 -0.234 -0.219 -0.272 -0.183 -0.094 -0.086 -0.173
woman@N@SBJ ask@V@ROOT man@N@OBJ	SENTENCE	0.185 -0.066 -0.101 -0.168 0.295 0.135 -0.756 -0.466 -0.159 -0.062	0.715 0.255 0.410 -0.234 -0.219 -0.272 -0.183 -0.094 -0.086 -0.173
government@N@SBJ use@V@ROOT power@N@OBJ	SENTENCE	0.715 0.255 0.410 -0.234 -0.219 -0.272 -0.183 -0.094 -0.086 -0.173	0.715 0.255 0.410 -0.234 -0.219 -0.272 -0.183 -0.094 -0.086 -0.173
authority@N@SBJ exercise@V@ROOT influence@N@OBJ	SENTENCE	0.614 0.380 0.461 -0.274 -0.233 -0.244 -0.176 -0.116 -0.121 -0.133	0.715 0.255 0.410 -0.234 -0.219 -0.272 -0.183 -0.094 -0.086 -0.173
graduate@N@SBJ begin@V@ROOT career@N@OBJ	SENTENCE	0.715 0.255 0.410 -0.234 -0.219 -0.272 -0.183 -0.094 -0.086 -0.173	0.715 0.255 0.410 -0.234 -0.219 -0.272 -0.183 -0.094 -0.086 -0.173
company@N@SBJ suffer@V@ROOT loss@N@OBJ	SENTENCE	0.715 0.255 0.410 -0.234 -0.219 -0.272 -0.183 -0.094 -0.086 -0.173	0.715 0.255 0.410 -0.234 -0.219 -0.272 -0.183 -0.094 -0.086 -0.173
group@N@SBJ hold@V@ROOT meeting@N@OBJ	SENTENCE	0.715 0.255 0.410 -0.234 -0.219 -0.272 -0.183 -0.094 -0.086 -0.173	0.715 0.255 0.410 -0.234 -0.219 -0.272 -0.183 -0.094 -0.086 -0.173
man@N@SBJ lift@V@ROOT hand@N@OBJ	SENTENCE	0.464 0.110 0.039 -0.091 0.036 0.188 -0.710 -0.406 -0.220 0.097	0.715 0.255 0.410 -0.234 -0.219 -0.272 -0.183 -0.094 -0.086 -0.173
man@N@SBJ hear@V@ROOT word@N@OBJ	SENTENCE	0.140 -0.245 0.121 -0.217 0.242 0.311 -0.575 0.227 -0.515 -0.236	0.715 0.255 0.410 -0.234 -0.219 -0.272 -0.183 -0.094 -0.086 -0.173
people@N@SBJ remember@V@ROOT name@N@OBJ	SENTENCE	0.715 0.255 0.410 -0.234 -0.219 -0.272 -0.183 -0.094 -0.086 -0.173	0.715 0.255 0.410 -0.234 -0.219 -0.272 -0.183 -0.094 -0.086 -0.173
man@N@SBJ lift@V@ROOT hand@N@OBJ	SENTENCE	0.464 0.110 0.039 -0.091 0.036 0.188 -0.710 -0.406 -0.220 0.097	0.715 0.255 0.410 -0.234 -0.219 -0.272 -0.183 -0.094 -0.086 -0.173
question@N@SBJ raise@V@ROOT head@N@OBJ	SENTENCE	0.715 0.255 0.410 -0.234 -0.219 -0.272 -0.183 -0.094 -0.086 -0.173	0.715 0.255 0.410 -0.234 -0.219 -0.272 -0.183 -0.094 -0.086 -0.173
man@N@SBJ shut@V@ROOT door@N@OBJ	SENTENCE	0.715 0.255 0.410 -0.234 -0.219 -0.272 -0.183 -0.094 -0.086 -0.173	0.715 0.255 0.410 -0.234 -0.219 -0.272 -0.183 -0.094 -0.086 -0.173
gentleman@N@SBJ close@V@ROOT eye@N@OBJ	SENTENCE	0.150 -0.228 0.261 -0.590 0.023 -0.044 0.223 -0.527 -0.422 -0.032	0.715 0.255 0.410 -0.234 -0.219 -0.272 -0.183 -0.094 -0.086 -0.173
man@N@SBJ shut@V@ROOT door@N@OBJ	SENTENCE	0.715 0.255 0.410 -0.234 -0.219 -0.272 -0.183 -0.094 -0.086 -0.173	0.715 0.255 0.410 -0.234 -0.219 -0.272 -0.183 -0.094 -0.086 -0.173
page@N@SBJ provide@V@ROOT datum@N@OBJ	SENTENCE	0.715 0.255 0.410 -0.234 -0.219 -0.272 -0.183 -0.094 -0.086 -0.173	0.715 0.255 0.410 -0.234 -0.219 -0.272 -0.183 -0.094 -0.086 -0.173
man@N@SBJ shut@V@ROOT door@N@OBJ	SENTENCE	0.715 0.255 0.410 -0.234 -0.219 -0.272 -0.183 -0.094 -0.086 -0.173	0.715 0.255 0.410 -0.234 -0.219 -0.272 -0.183 -0.094 -0.086 -0.173
route@N@SBJ follow@V@ROOT road@N@OBJ	SENTENCE	0.715 0.255 0.410 -0.234 -0.219 -0.272 -0.183 -0.094 -0.086 -0.173	0.715 0.255 0.410 -0.234 -0.219 -0.272 -0.183 -0.094 -0.086 -0.173
man@N@SBJ wave@V@ROOT hand@N@OBJ	SENTENCE	0.715 0.255 0.410 -0.234 -0.219 -0.272 -0.183 -0.094 -0.086 -0.173	0.715 0.255 0.410 -0.234 -0.219 -0.272 -0.183 -0.094 -0.086 -0.173
employee@N@SBJ leave@V@ROOT company@N@OBJ	SENTENCE	0.715 0.255 0.410 -0.234 -0.219 -0.272 -0.183 -0.094 -0.086 -0.173	0.715 0.255 0.410 -0.234 -0.219 -0.272 -0.183 -0.094 -0.086 -0.173
man@N@SBJ wave@V@ROOT hand@N@OBJ	SENTENCE	0.715 0.255 0.410 -0.234 -0.219 -0.272 -0.183 -0.094 -0.086 -0.173	0.715 0.255 0.410 -0.234 -0.219 -0.272 -0.183 -0.094 -0.086 -0.173
employee@N@SBJ start@V@ROOT work@N@OBJ	SENTENCE	0.178 0.232 0.503 -0.362 -0.195 -0.179 -0.570 0.137 -0.338 -0.057	0.715 0.255 0.410 -0.234 -0.219 -0.272 -0.183 -0.094 -0.086 -0.173
medication@N@SBJ achieve@V@ROOT result@N@OBJ	SENTENCE	0.715 0.255 0.410 -0.234 -0.219 -0.272 -0.183 -0.094 -0.086 -0.173	0.715 0.255 0.410 -0.234 -0.219 -0.272 -0.183 -0.094 -0.086 -0.173
drug@N@SBJ produce@V@ROOT effect@N@OBJ	SENTENCE	0.715 0.255 0.410 -0.234 -0.219 -0.272 -0.183 -0.094 -0.086 -0.173	0.715 0.255 0.410 -0.234 -0.219 -0.272 -0.183 -0.094 -0.086 -0.173
medication@N@SBJ achieve@V@ROOT result@N@OBJ	SENTENCE	0.715 0.255 0.410 -0.234 -0.219 -0.272 -0.183 -0.094 -0.086 -0.173	0.715 0.255 0.410 -0.234 -0.219 -0.272 -0.183 -0.094 -0.086 -0.173
man@N@SBJ lift@V@ROOT hand@N@OBJ	SENTENCE	0.715 0.255 0.410 -0.234 -0.219 -0.272 -0.183 -0.094 -0.086 -0.173	0.715 0.255 0.410 -0.234 -0.219 -0.272 -0.183 -0.094 -0.086 -0.173
medication@N@SBJ achieve@V@ROOT result@N@OBJ	SENTENCE	0.715 0.255 0.410 -0.234 -0.219 -0.272 -0.183 -0.094 -0.086 -0.173	0.715 0.255 0.410 -0.234 -0.219 -0.272 -0.183 -0.094 -0.086 -0.173
student@N@SBJ reach@V@ROOT level@N@OBJ	SENTENCE	0.715 0.255 0.410 -0.234 -0.219 -0.272 -0.183 -0.094 -0.086 -0.173	0.715 0.255 0.410 -0.234 -0.219 -0.272 -0.183 -0.094 -0.086 -0.173
member@N@SBJ attend@V@ROOT conference@N@OBJ	SENTENCE	0.715 0.255 0.410 -0.234 -0.219 -0.272 -0.183 -0.094 -0.086 -0.173	0.715 0.255 0.410 -0.234 -0.219 -0.272 -0.183 -0.094 -0.086 -0.173
case@N@SBJ require@V@ROOT attention@N@OBJ	SENTENCE	0.715 0.255 0.410 -0.234 -0.219 -0.272 -0.183 -0.094 -0.086 -0.173	0.715 0.255 0.410 -0.234 -0.219 -0.272 -0.183 -0.094 -0.086 -0.173
member@N@SBJ attend@V@ROOT conference@N@OBJ	SENTENCE	0.715 0.255 0.410 -0.234 -0.219 -0.272 -0.183 -0.094 -0.086 -0.173	0.715 0.255 0.410 -0.234 -0.219 -0.272 -0.183 -0.094 -0.086 -0.173
group@N@SBJ hold@V@ROOT meeting@N@OBJ	SENTENCE	0.715 0.255 0.410 -0.234 -0.219 -0.272 -0.183 -0.094 -0.086 -0.173	0.715 0.255 0.410 -0.234 -0.219 -0.272 -0.183 -0.094 -0.086 -0.173
member@N@SBJ attend@V@ROOT conference@N@OBJ	SENTENCE	0.715 0.255 0.410 -0.234 -0.219 -0.272 -0.183 -0.094 -0.086 -0.173	0.715 0.255 0.410 -0.234 -0.219 -0.272 -0.183 -0.094 -0.086 -0.173
people@N@SBJ share@V@ROOT interest@N@OBJ	SENTENCE	0.715 0.255 0.410 -0.234 -0.219 -0.272 -0.183 -0.094 -0.086 -0.173	0.715 0.255 0.410 -0.234 -0.219 -0.272 -0.183 -0.094 -0.086 -0.173
member@N@SBJ express@V@ROOT view@N@OBJ	SENTENCE	-0.173 0.174 0.209 -0.443 0.093 -0.153 0.268 0.110 -0.762 0.055	0.715 0.255 0.410 -0.234 -0.219 -0.272 -0.183 -0.094 -0.086 -0.173
company@N@SBJ suffer@V@ROOT loss@N@OBJ	SENTENCE	0.715 0.255 0.410 -0.234 -0.219 -0.272 -0.183 -0.094 -0.086 -0.173	0.715 0.255 0.410 -0.234 -0.219 -0.272 -0.183 -0.094 -0.086 -0.173
member@N@SBJ express@V@ROOT view@N@OBJ	SENTENCE	-0.173 0.174 0.209 -0.443 0.093 -0.153 0.268 0.110 -0.762 0.055	0.715 0.255 0.410 -0.234 -0.219 -0.272 -0.183 -0.094 -0.086 -0.173
pupil@N@SBJ achieve@V@ROOT end@N@OBJ	SENTENCE	0.715 0.255 0.410 -0.234 -0.219 -0.272 -0.183 -0.094 -0.086 -0.173	0.715 0.255 0.410 -0.234 -0.219 -0.272 -0.183 -0.094 -0.086 -0.173
mother@N@SBJ leave@V@ROOT house@N@OBJ	SENTENCE	0.102 -0.196 0.129 -0.807 -0.038 -0.132 -0.416 -0.022 -0.062 0.296	0.715 0.255 0.410 -0.234 -0.219 -0.272 -0.183 -0.094 -0.086 -0.173
family@N@SBJ buy@V@ROOT home@N@OBJ	SENTENCE	0.715 0.255 0.410 -0.234 -0.219 -0.272 -0.183 -0.094 -0.086 -0.173	0.715 0.255 0.410 -0.234 -0.219 -0.272 -0.183 -0.094 -0.086 -0.173
mother@N@SBJ leave@V@ROOT house@N@OBJ	SENTENCE	0.102 -0.196 0.129 -0.807 -0.038 -0.132 -0.416 -0.022 -0.062 0.296	0.715 0.255 0.410 -0.234 -0.219 -0.272 -0.183 -0.094 -0.086 -0.173
school@N@SBJ encourage@V@ROOT child@N@OBJ	SENTENCE	0.715 0.255 0.410 -0.234 -0.219 -0.272 -0.183 -0.094 -0.086 -0.173	0.715 0.255 0.410 -0.234 -0.219 -0.272 -0.183 -0.094 -0.086 -0.173
page@N@SBJ provide@V@ROOT datum@N@OBJ	SENTENCE	0.715 0.255 0.410 -0.234 -0.219 -0.272 -0.183 -0.094 -0.086 -0.173	0.715 0.255 0.410 -0.234 -0.219 -0.272 -0.183 -0.094 -0.086 -0.173
student@N@SBJ reach@V@ROOT level@N@OBJ	SENTENCE	0.715 0.255 0.410 -0.234 -0.219 -0.272 -0.183 -0.094 -0.086 -0.173	0.715 0.255 0.410 -0.234 -0.219 -0.272 -0.183 -0.094 -0.086 -0.173
panel@N@SBJ discuss@V@ROOT issue@N@OBJ	SENTENCE	0.368 0.086 0.107 0.211 -0.012 0.344 -0.421 0.078 -0.688 -0.163	0.715 0.255 0.410 -0.234 -0.219 -0.272 -0.183 -0.094 -0.086 -0.173
project@N@SBJ present@V@ROOT problem@N@OBJ	SENTENCE	0.165 -0.034 0.555 0.273 -0.191 0.209 -0.600 -0.009 -0.187 -0.339	0.715 0.255 0.410 -0.234 -0.219 -0.272 -0.183 -0.094 -0.086 -0.173
paper@N@SBJ address@V@ROOT question@N@OBJ	SENTENCE	0.715 0.255 0.410 -0.234 -0.219 -0.272 -0.183 -0.094 -0.086 -0.173	0.715 0.255 0.410 -0.234 -0.219 -0.272 -0.183 -0.094 -0.086 -0.173
project@N@SBJ present@V@ROOT problem@N@OBJ	SENTENCE	0.165 -0.034 0.555 0.273 -0.191 0.209 -0.600 -0.009 -0.187 -0.339	0.715 0.255 0.410 -0.234 -0.219 -0.272 -0.183 -0.094 -0.086 -0.173
paper@N@SBJ address@V@ROOT question@N@OBJ	SENTENCE	0.715 0.255 0.410 -0.234 -0.219 -0.272 -0.183 -0.094 -0.086 -0.173	0.715 0.255 0.410 -0.234 -0.219 -0.272 -0.183 -0.094 -0.086 -0.173
study@N@SBJ pose@V@ROOT problem@N@OBJ	SENTENCE	0.715 0.255 0.410 -0.234 -0.219 -0.272 -0.183 -0.094 -0.086 -0.173	0.715 0.255 0.410 -0.234 -0.219 -0.272 -0.183 -0.094 -0.086 -0.173
parent@N@SBJ set@V@ROOT example@N@OBJ	SENTENCE	0.443 0.231 0.167 -0.425 -0.328 -0.154 -0.445 0.081 -0.431 0.145	0.715 0.255 0.410 -0.234 -0.219 -0.272 -0.183 -0.094 -0.086 -0.173
company@N@SBJ provide@V@ROOT system@N@OBJ	SENTENCE	0.715 0.255 0.410 -0.234 -0.219 -0.272 -0.183 -0.094 -0.086 -0.173	0.715 0.255 0.410 -0.234 -0.219 -0.272 -0.183 -0.094 -0.086 -0.173
patient@N@SBJ need@V@ROOT treatment@N@OBJ	SENTENCE	0.715 0.255 0.410 -0.234 -0.219 -0.272 -0.183 -0.094 -0.086 -0.173	0.715 0.255 0.410 -0.234 -0.219 -0.272 -0.183 -0.094 -0.086 -0.173
programme@N@SBJ offer@V@ROOT support@N@OBJ	SENTENCE	0.655 0.337 0.443 -0.263 -0.230 -0.253 -0.176 -0.107 -0.109 -0.146	0.715 0.255 0.410 -0.234 -0.219 -0.272 -0.183 -0.094 -0.086 -0.173
patient@N@SBJ need@V@ROOT treatment@N@OBJ	SENTENCE	0.715 0.255 0.410 -0.234 -0.219 -0.272 -0.183 -0.094 -0.086 -0.173	0.715 0.255 0.410 -0.234 -0.219 -0.272 -0.183 -0.094 -0.086 -0.173
system@N@SBJ use@V@ROOT method@N@OBJ	SENTENCE	0.715 0.255 0.410 -0.234 -0.219 -0.272 -0.183 -0.094 -0.086 -0.173	0.715 0.255 0.410 -0.234 -0.219 -0.272 -0.183 -0.094 -0.086 -0.173
people@N@SBJ play@V@ROOT game@N@OBJ	SENTENCE	0.715 0.255 0.410 -0.234 -0.219 -0.272 -0.183 -0.094 -0.086 -0.173	0.715 0.255 0.410 -0.234 -0.219 -0.272 -0.183 -0.094 -0.086 -0.173
worker@N@SBJ join@V@ROOT party@N@OBJ	SENTENCE	-0.617 -0.181 -0.377 -0.249 -0.104 -0.200 -0.090 0.050 0.107 -0.557	0.715 0.255 0.410 -0.234 -0.219 -0.272 -0.183 -0.094 -0.086 -0.173
people@N@SBJ remember@V@ROOT name@N@OBJ	SENTENCE	0.715 0.255 0.410 -0.234 -0.219 -0.272 -0.183 -0.094 -0.086 -0.173	0.715 0.255 0.410 -0.234 -0.219 -0.272 -0.183 -0.094 -0.086 -0.173
physician@N@SBJ pass@V@ROOT time@N@OBJ	SENTENCE	0.715 0.255 0.410 -0.234 -0.219 -0.272 -0.183 -0.094 -0.086 -0.173	0.715 0.255 0.410 -0.234 -0.219 -0.272 -0.183 -0.094 -0.086 -0.173
people@N@SBJ share@V@ROOT interest@N@OBJ	SENTENCE	0.715 0.255 0.410 -0.234 -0.219 -0.272 -0.183 -0.094 -0.086 -0.173	0.715 0.255 0.410 -0.234 -0.219 -0.272 -0.183 -0.094 -0.086 -0.173
authority@N@SBJ exercise@V@ROOT influence@N@OBJ	SENTENCE	0.614 0.380 0.461 -0.274 -0.233 -0.244 -0.176 -0.116 -0.121 -0.133	0.715 0.255 0.410 -0.234 -0.219 -0.272 -0.183 -0.094 -0.086 -0.173
people@N@SBJ share@V@ROOT interest@N@OBJ	SENTENCE	0.715 0.255 0.410 -0.234 -0.219 -0.272 -0.183 -0.094 -0.086 -0.173	0.715 0.255 0.410 -0.234 -0.219 -0.272 -0.183 -0.094 -0.086 -0.173
member@N@SBJ express@V@ROOT view@N@OBJ	SENTENCE	-0.173 0.174 0.209 -0.443 0.093 -0.153 0.268 0.110 -0.762 0.055	0.715 0.255 0.410 -0.234 -0.219 -0.272 -0.183 -0.094 -0.086 -0.173
physician@N@SBJ pass@V@ROOT time@N@OBJ	SENTENCE	0.715 0.255 0.410 -0.234 -0.219 -0.272 -0.183 -0.094 -0.086 -0.173	0.715 0.255 0.410 -0.234 -0.219 -0.272 -0.183 -0.094 -0.086 -0.173
road@N@SBJ cross@V@ROOT line@N@OBJ	SENTENCE	-0.009 -0.162 0.312 -0.103 -0.266 0.218 -0.684 -0.273 -0.000 -0.452	0.715 0.255 0.410 -0.234 -0.219 -0.272 -0.183 -0.094 -0.086 -0.173
plan@N@SBJ increase@V@ROOT number@N@OBJ	SENTENCE	0.715 0.255 0.410 -0.234 -0.219 -0.272 -0.183 -0.094 -0.086 -0.173	0.715 0.255 0.410 -0.234 -0.219 -0.272 -0.183 -0.094 -0.086 -0.173
design@N@SBJ reduce@V@ROOT amount@N@OBJ	SENTENCE	0.715 0.255 0.410 -0.234 -0.219 -0.272 -0.183 -0.094 -0.086 -0.173	0.715 0.255 0.410 -0.234 -0.219 -0.272 -0.183 -0.094 -0.086 -0.173
product@N@SBJ satisfy@V@ROOT demand@N@OBJ	SENTENCE	0.715 0.255 0.410 -0.234 -0.219 -0.272 -0.183 -0.094 -0.086 -0.173	0.715 0.255 0.410 -0.234 -0.219 -0.272 -0.183 -0.094 -0.086 -0.173
commodity@N@SBJ meet@V@ROOT requirement@N@OBJ	SENTENCE	0.715 0.255 0.410 -0.234 -0.219 -0.272 -0.183 -0.094 -0.086 -0.173	0.715 0.255 0.410 -0.234 -0.219 -0.272 -0.183 -0.094 -0.086 -0.173
product@N@SBJ satisfy@V@ROOT demand@N@OBJ	SENTENCE	0.715 0.255 0.410 -0.234 -0.219 -0.272 -0.183 -0.094 -0.086 -0.173	0.715 0.255 0.410 -0.234 -0.219 -0.272 -0.183 -0.094 -0.086 -0.173
study@N@SBJ emphasise@V@ROOT need@N@OBJ	SENTENCE	0.715 0.255 0.410 -0.234 -0.219 -0.272 -0.183 -0.094 -0.086 -0.173	0.715 0.255 0.410 -0.234 -0.219 -0.272 -0.183 -0.094 -0.086 -0.173
programme@N@SBJ face@V@ROOT difficulty@N@OBJ	SENTENCE	-0.069 -0.293 0.465 -0.167 0.062 0.210 -0.176 -0.032 -0.394 -0.655	0.715 0.255 0.410 -0.234 -0.219 -0.272 -0.183 -0.094 -0.086 -0.173
parent@N@SBJ set@V@ROOT example@N@OBJ	SENTENCE	0.443 0.231 0.167 -0.425 -0.328 -0.154 -0.445 0.081 -0.431 0.145	0.715 0.255 0.410 -0.234 -0.219 -0.272 -0.183 -0.094 -0.086 -0.173
programme@N@SBJ offer@V@ROOT support@N@OBJ	SENTENCE	0.655 0.337 0.443 -0.263 -0.230 -0.253 -0.176 -0.107 -0.109 -0.146	0.715 0.255 0.410 -0.234 -0.219 -0.272 -0.183 -0.094 -0.086 -0.173
road@N@SBJ cross@V@ROOT line@N@OBJ	SENTENCE	-0.009 -0.162 0.312 -0.103 -0.266 0.218 -0.684 -0.273 -0.000 -0.452	0.715 0.255 0.410 -0.234 -0.219 -0.272 -0.183 -0.094 -0.086 -0.173
programme@N@SBJ offer@V@ROOT support@N@OBJ	SENTENCE	0.655 0.337 0.443 -0.263 -0.230 -0.253 -0.176 -0.107 -0.109 -0.146	0.715 0.255 0.410 -0.234 -0.219 -0.272 -0.183 -0.094 -0.086 -0.173
service@N@SBJ provide@V@ROOT help@N@OBJ	SENTENCE	0.715 0.255 0.410 -0.234 -0.219 -0.272 -0.183 -0.094 -0.086 -0.173	0.715 0.255 0.410 -0.234 -0.219 -0.272 -0.183 -0.094 -0.086 -0.173
project@N@SBJ present@V@ROOT problem@N@OBJ	SENTENCE	0.165 -0.034 0.555 0.273 -0.191 0.209 -0.600 -0.009 -0.187 -0.339	0.715 0.255 0.410 -0.234 -0.219 -0.272 -0.183 -0.094 -0.086 -0.173
programme@N@SBJ face@V@ROOT difficulty@N@OBJ	SENTENCE	-0.069 -0.293 0.465 -0.167 0.062 0.210 -0.176 -0.032 -0.394 -0.655	0.715 0.255 0.410 -0.234 -0.219 -0.272 -0.183 -0.094 -0.086 -0.173
pupil@N@SBJ achieve@V@ROOT end@N@OBJ	SENTENCE	0.715 0.255 0.410 -0.234 -0.219 -0.272 -0.183 -0.094 -0.086 -0.173	0.715 0.255 0.410 -0.234 -0.219 -0.272 -0.183 -0.094 -0.086 -0.173
gentleman@N@SBJ close@V@ROOT eye@N@OBJ	SENTENCE	0.150 -0.228 0.261 -0.590 0.023 -0.044 0.223 -0.527 -0.422 -0.032	0.715 0.255 0.410 -0.234 -0.219 -0.272 -0.183 -0.094 -0.086 -0.173
pupil@N@SBJ achieve@V@ROOT end@N@OBJ	SENTENCE	0.715 0.255 0.410 -0.234 -0.219 -0.272 -0.183 -0.094 -0.086 -0.173	0.715 0.255 0.410 -0.234 -0.219 -0.272 -0.183 -0.094 -0.086 -0.173
student@N@SBJ reach@V@ROOT level@N@OBJ	SENTENCE	0.715 0.255 0.410 -0.234 -0.219 -0.272 -0.183 -0.094 -0.086 -0.173	0.715 0.255 0.410 -0.234 -0.219 -0.272 -0.183 -0.094 -0.086 -0.173
pupil@N@SBJ use@V@ROOT knowledge@N@OBJ	SENTENCE	0.715 0.255 0.410 -0.234 -0.219 -0.272 -0.183 -0.094 -0.086 -0.173	0.715 0.255 0.410 -0.234 -0.219 -0.272 -0.183 -0.094 -0.086 -0.173
authority@N@SBJ exercise@V@ROOT influence@N@OBJ	SENTENCE	0.614 0.380 0.461 -0.274 -0.233 -0.244 -0.176 -0.116 -0.121 -0.133	0.715 0.255 0.410 -0.234 -0.219 -0.272 -0.183 -0.094 -0.086 -0.173
pupil@N@SBJ use@V@ROOT knowledge@N@OBJ	SENTENCE	0.715 0.255 0.410 -0.234 -0.219 -0.272 -0.183 -0.094 -0.086 -0.173	0.715 0.255 0.410 -0.234 -0.219 -0.272 -0.183 -0.094 -0.086 -0.173
company@N@SBJ provide@V@ROOT system@N@OBJ	SENTENCE	0.715 0.255 0.410 -0.234 -0.219 -0.272 -0.183 -0.094 -0.086 -0.173	0.715 0.255 0.410 -0.234 -0.219 -0.272 -0.183 -0.094 -0.086 -0.173
pupil@N@SBJ use@V@ROOT knowledge@N@OBJ	SENTENCE	0.715 0.255 0.410 -0.234 -0.219 -0.272 -0.183 -0.094 -0.086 -0.173	0.715 0.255 0.410 -0.234 -0.219 -0.272 -0.183 -0.094 -0.086 -0.173
student@N@SBJ acquire@V@ROOT skill@N@OBJ	SENTENCE	0.715 0.255 0.410 -0.234 -0.219 -0.272 -0.183 -0.094 -0.086 -0.173	0.715 0.255 0.410 -0.234 -0.219 -0.272 -0.183 -0.094 -0.086 -0.173
question@N@SBJ raise@V@ROOT head@N@OBJ	SENTENCE	0.715 0.255 0.410 -0.234 -0.219 -0.272 -0.183 -0.094 -0.086 -0.173	0.715 0.255 0.410 -0.234 -0.219 -0.272 -0.183 -0.094 -0.086 -0.173
paper@N@SBJ address@V@ROOT question@N@OBJ	SENTENCE	0.715 0.255 0.410 -0.234 -0.219 -0.272 -0.183 -0.094 -0.086 -0.173	0.715 0.255 0.410 -0.234 -0.219 -0.272 -0.183 -0.094 -0.086 -0.173
report@N@SBJ stress@V@ROOT importance@N@OBJ	SENTENCE	0.715 0.255 0.410 -0.234 -0.219 -0.272 -0.183 -0.094 -0.086 -0.173	0.715 0.255 0.410 -0.234 -0.219 -0.272 -0.183 -0.094 -0.086 -0.173
company@N@SBJ cut@V@ROOT cost@N@OBJ	SENTENCE	0.715 0.255 0.410 -0.234 -0.219 -0.272 -0.183 -0.094 -0.086 -0.173	0.715 0.255 0.410 -0.234 -0.219 -0.272 -0.183 -0.094 -0.086 -0.173
report@N@SBJ stress@V@ROOT importance@N@OBJ	SENTENCE	0.715 0.255 0.410 -0.234 -0.219 -0.272 -0.183 -0.094 -0.086 -0.173	0.715 0.255 0.410 -0.234 -0.219 -0.272 -0.183 -0.094 -0.086 -0.173
firm@N@SBJ cause@V@ROOT injury@N@OBJ	SENTENCE	0.715 0.255 0.410 -0.234 -0.219 -0.272 -0.183 -0.094 -0.086 -0.173	0.715 0.255 0.410 -0.234 -0.219 -0.272 -0.183 -0.094 -0.086 -0.173
report@N@SBJ stress@V@ROOT importance@N@OBJ	SENTENCE	0.715 0.255 0.410 -0.234 -0.219 -0.272 -0.183 -0.094 -0.086 -0.173	0.715 0.255 0.410 -0.234 -0.219 -0.272 -0.183 -0.094 -0.086 -0.173
study@N@SBJ emphasise@V@ROOT need@N@OBJ	SENTENCE	0.715 0.255 0.410 -0.234 -0.219 -0.272 -0.183 -0.094 -0.086 -0.173	0.715 0.255 0.410 -0.234 -0.219 -0.272 -0.183 -0.094 -0.086 -0.173
researcher@N@SBJ develop@V@ROOT technique@N@OBJ	SENTENCE	0.715 0.255 0.410 -0.234 -0.219 -0.272 -0.183 -0.094 -0.086 -0.173	0.715 0.255 0.410 -0.234 -0.219 -0.272 -0.183 -0.094 -0.086 -0.173
government@N@SBJ use@V@ROOT power@N@OBJ	SENTENCE	0.715 0.255 0.410 -0.234 -0.219 -0.272 -0.183 -0.094 -0.086 -0.173	0.715 0.255 0.410 -0.234 -0.219 -0.272 -0.183 -0.094 -0.086 -0.173
researcher@N@SBJ develop@V@ROOT technique@N@OBJ	SENTENCE	0.715 0.255 0.410 -0.234 -0.219 -0.272 -0.183 -0.094 -0.086 -0.173	0.715 0.255 0.410 -0.234 -0.219 -0.272 -0.183 -0.094 -0.086 -0.173
system@N@SBJ use@V@ROOT method@N@OBJ	SENTENCE	0.715 0.255 0.410 -0.234 -0.219 -0.272 -0.183 -0.094 -0.086 -0.173	0.715 0.255 0.410 -0.234 -0.219 -0.272 -0.183 -0.094 -0.086 -0.173
road@N@SBJ cross@V@ROOT line@N@OBJ	SENTENCE	-0.009 -0.162 0.312 -0.103 -0.266 0.218 -0.684 -0.273 -0.000 -0.452	0.715 0.255 0.410 -0.234 -0.219 -0.272 -0.183 -0.094 -0.086 -0.173
route@N@SBJ follow@V@ROOT road@N@OBJ	SENTENCE	0.715 0.255 0.410 -0.234 -0.219 -0.272 -0.183 -0.094 -0.086 -0.173	0.715 0.255 0.410 -0.234 -0.219 -0.272 -0.183 -0.094 -0.086 -0.173
route@N@SBJ follow@V@ROOT road@N@OBJ	SENTENCE	0.715 0.255 0.410 -0.234 -0.219 -0.272 -0.183 -0.094 -0.086 -0.173	0.715 0.255 0.410 -0.234 -0.219 -0.272 -0.183 -0.094 -0.086 -0.173
parent@N@SBJ set@V@ROOT example@N@OBJ	SENTENCE	0.443 0.231 0.167 -0.425 -0.328 -0.154 -0.445 0.081 -0.431 0.145	0.715 0.255 0.410 -0.234 -0.219 -0.272 -0.183 -0.094 -0.086 -0.173
school@N@SBJ encourage@V@ROOT child@N@OBJ	SENTENCE	0.715 0.255 0.410 -0.234 -0.219 -0.272 -0.183 -0.094 -0.086 -0.173	0.715 0.255 0.410 -0.234 -0.219 -0.272 -0.183 -0.094 -0.086 -0.173
employee@N@SBJ leave@V@ROOT company@N@OBJ	SENTENCE	0.715 0.255 0.410 -0.234 -0.219 -0.272 -0.183 -0.094 -0.086 -0.173	0.715 0.255 0.410 -0.234 -0.219 -0.272 -0.183 -0.094 -0.086 -0.173
service@N@SBJ provide@V@ROOT help@N@OBJ	SENTENCE	0.715 0.255 0.410 -0.234 -0.219 -0.272 -0.183 -0.094 -0.086 -0.173	0.715 0.255 0.410 -0.234 -0.219 -0.272 -0.183 -0.094 -0.086 -0.173
product@N@SBJ satisfy@V@ROOT demand@N@OBJ	SENTENCE	0.715 0.255 0.410 -0.234 -0.219 -0.272 -0.183 -0.094 -0.086 -0.173	0.715 0.255 0.410 -0.234 -0.219 -0.272 -0.183 -0.094 -0.086 -0.173
service@N@SBJ provide@V@ROOT help@N@OBJ	SENTENCE	0.715 0.255 0.410 -0.234 -0.219 -0.272 -0.183 -0.094 -0.086 -0.173	0.715 0.255 0.410 -0.234 -0.219 -0.272 -0.183 -0.094 -0.086 -0.173
researcher@N@SBJ develop@V@ROOT technique@N@OBJ	SENTENCE	0.715 0.255 0.410 -0.234 -0.219 -0.272 -0.183 -0.094 -0.086 -0.173	0.715 0.255 0.410 -0.234 -0.219 -0.272 -0.183 -0.094 -0.086 -0.173
student@N@SBJ acquire@V@ROOT skill@N@OBJ	SENTENCE	0.715 0.255 0.410 -0.234 -0.219 -0.272 -0.183 -0.094 -0.086 -0.173	0.715 0.255 0.410 -0.234 -0.219 -0.272 -0.183 -0.094 -0.086 -0.173
doctor@N@SBJ use@V@ROOT test@N@OBJ	SENTENCE	0.715 0.255 0.410 -0.234 -0.219 -0.272 -0.183 -0.094 -0.086 -0.173	0.715 0.255 0.410 -0.234 -0.219 -0.272 -0.183 -0.094 -0.086 -0.173
student@N@SBJ acquire@V@ROOT skill@N@OBJ	SENTENCE	0.715 0.255 0.410 -0.234 -0.219 -0.272 -0.183 -0.094 -0.086 -0.173	0.715 0.255 0.410 -0.234 -0.219 -0.272 -0.183 -0.094 -0.086 -0.173
family@N@SBJ buy@V@ROOT home@N@OBJ	SENTENCE	0.715 0.255 0.410 -0.234 -0.219 -0.272 -0.183 -0.094 -0.086 -0.173	0.715 0.255 0.410 -0.234 -0.219 -0.272 -0.183 -0.094 -0.086 -0.173
study@N@SBJ pose@V@ROOT problem@N@OBJ	SENTENCE	0.715 0.255 0.410 -0.234 -0.219 -0.272 -0.183 -0.094 -0.086 -0.173	0.715 0.255 0.410 -0.234 -0.219 -0.272 -0.183 -0.094 -0.086 -0.173
programme@N@SBJ face@V@ROOT difficulty@N@OBJ	SENTENCE	-0.069 -0.293 0.465 -0.167 0.062 0.210 -0.176 -0.032 -0.394 -0.655	0.715 0.255 0.410 -0.234 -0.219 -0.272 -0.183 -0.094 -0.086 -0.173
superpower@N@SBJ fight@V@ROOT war@N@OBJ	SENTENCE	0.715 0.255 0.410 -0.234 -0.219 -0.272 -0.183 -0.094 -0.086 -0.173	0.715 0.255 0.410 -0.234 -0.219 -0.272 -0.183 -0.094 -0.086 -0.173
force@N@SBJ win@V@ROOT battle@N@OBJ	SENTENCE	0.715 0.255 0.410 -0.234 -0.219 -0.272 -0.183 -0.094 -0.086 -0.173	0.715 0.255 0.410 -0.234 -0.219 -0.272 -0.183 -0.094 -0.086 -0.173
superpower@N@SBJ fight@V@ROOT war@N@OBJ	SENTENCE	0.715 0.255 0.410 -0.234 -0.219 -0.272 -0.183 -0.094 -0.086 -0.173	0.715 0.255 0.410 -0.234 -0.219 -0.272 -0.183 -0.094 -0.086 -0.173
plan@N@SBJ increase@V@ROOT number@N@OBJ	SENTENCE	0.715 0.255 0.410 -0.234 -0.219 -0.272 -0.183 -0.094 -0.086 -0.173	0.715 0.255 0.410 -0.234 -0.219 -0.272 -0.183 -0.094 -0.086 -0.173
superpower@N@SBJ fight@V@ROOT war@N@OBJ	SENTENCE	0.715 0.255 0.410 -0.234 -0.219 -0.272 -0.183 -0.094 -0.086 -0.173	0.715 0.255 0.410 -0.234 -0.219 -0.272 -0.183 -0.094 -0.086 -0.173
team@N@SBJ win@V@ROOT match@N@OBJ	SENTENCE	0.715 0.255 0.410 -0.234 -0.219 -0.272 -0.183 -0.094 -0.086 -0.173	0.715 0.255 0.410 -0.234 -0.219 -0.272 -0.183 -0.094 -0.086 -0.173
survey@N@SBJ collect@V@ROOT information@N@OBJ	SENTENCE	0.715 0.255 0.410 -0.234 -0.219 -0.272 -0.183 -0.094 -0.086 -0.173	0.715 0.255 0.410 -0.234 -0.219 -0.272 -0.183 -0.094 -0.086 -0.173
page@N@SBJ provide@V@ROOT datum@N@OBJ	SENTENCE	0.715 0.255 0.410 -0.234 -0.219 -0.272 -0.183 -0.094 -0.086 -0.173	0.715 0.255 0.410 -0.234 -0.219 -0.272 -0.183 -0.094 -0.086 -0.173
team@N@SBJ win@V@ROOT match@N@OBJ	SENTENCE	0.715 0.255 0.410 -0.234 -0.219 -0.272 -0.183 -0.094 -0.086 -0.173	0.715 0.255 0.410 -0.234 -0.219 -0.272 -0.183 -0.094 -0.086 -0.173
design@N@SBJ reduce@V@ROOT amount@N@OBJ	SENTENCE	0.715 0.255 0.410 -0.234 -0.219 -0.272 -0.183 -0.094 -0.086 -0.173	0.715 0.255 0.410 -0.234 -0.219 -0.272 -0.183 -0.094 -0.086 -0.173
team@N@SBJ win@V@ROOT match@N@OBJ	SENTENCE	0.715 0.255 0.410 -0.234 -0.219 -0.272 -0.183 -0.094 -0.086 -0.173	0.715 0.255 0.410 -0.234 -0.219 -0.272 -0.183 -0.094 -0.086 -0.173
people@N@SBJ play@V@ROOT game@N@OBJ	SENTENCE	0.715 0.255 0.410 -0.234 -0.219 -0.272 -0.183 -0.094 -0.086 -0.173	0.715 0.255 0.410 -0.234 -0.219 -0.272 -0.183 -0.094 -0.086 -0.173
user@N@SBJ send@V@ROOT message@N@OBJ	SENTENCE	0.715 0.255 0.410 -0.234 -0.219 -0.272 -0.183 -0.094 -0.086 -0.173	0.715 0.255 0.410 -0.234 -0.219 -0.272 -0.183 -0.094 -0.086 -0.173
family@N@SBJ receive@V@ROOT letter@N@OBJ	SENTENCE	0.715 0.255 0.410 -0.234 -0.219 -0.272 -0.183 -0.094 -0.086 -0.173	0.715 0.255 0.410 -0.234 -0.219 -0.272 -0.183 -0.094 -0.086 -0.173
user@N@SBJ send@V@ROOT message@N@OBJ	SENTENCE	0.715 0.255 0.410 -0.234 -0.219 -0.272 -0.183 -0.094 -0.086 -0.173	0.715 0.255 0.410 -0.234 -0.219 -0.272 -0.183 -0.094 -0.086 -0.173
man@N@SBJ hear@V@ROOT word@N@OBJ	SENTENCE	0.715 0.255 0.410 -0.234 -0.219 -0.272 -0.183 -0.094 -0.086 -0.173	0.715 0.255 0.410 -0.234 -0.219 -0.272 -0.183 -0.094 -0.086 -0.173
wife@N@SBJ pour@V@ROOT tea@N@OBJ	SENTENCE	0.424 0.570 0.490 -0.339 -0.242 -0.149 -0.109 -0.124 -0.176 -0.033	0.715 0.255 0.410 -0.234 -0.219 -0.272 -0.183 -0.094 -0.086 -0.173
study@N@SBJ emphasise@V@ROOT need@N@OBJ	SENTENCE	0.715 0.255 0.410 -0.234 -0.219 -0.272 -0.183 -0.094 -0.086 -0.173	0.715 0.255 0.410 -0.234 -0.219 -0.272 -0.183 -0.094 -0.086 -0.173
wife@N@SBJ pour@V@ROOT tea@N@OBJ	SENTENCE	0.424 0.570 0.490 -0.339 -0.242 -0.149 -0.109 -0.124 -0.176 -0.033	0.715 0.255 0.410 -0.234 -0.219 -0.272 -0.183 -0.094 -0.086 -0.173
woman@N@SBJ drink@V@ROOT water@N@OBJ	SENTENCE	0.715 0.255 0.410 -0.234 -0.219 -0.272 -0.183 -0.094 -0.086 -0.173	0.715 0.255 0.410 -0.234 -0.219 -0.272 -0.183 -0.094 -0.086 -0.173
wife@N@SBJ pour@V@ROOT tea@N@OBJ	SENTENCE	0.424 0.570 0.490 -0.339 -0.242 -0.149 -0.109 -0.124 -0.176 -0.033	0.715 0.255 0.410 -0.234 -0.219 -0.272 -0.183 -0.094 -0.086 -0.173
worker@N@SBJ join@V@ROOT party@N@OBJ	SENTENCE	-0.617 -0.181 -0.377 -0.249 -0.104 -0.200 -0.090 0.050 0.107 -0.557	0.715 0.255 0.410 -0.234 -0.219 -0.272 -0.183 -0.094 -0.086 -0.173
woman@N@SBJ ask@V@ROOT man@N@OBJ	SENTENCE	0.715 0.255 0.410 -0.234 -0.219 -0.272 -0.183 -0.094 -0.086 -0.173	0.715 0.255 0.410 -0.234 -0.219 -0.272 -0.183 -0.094 -0.086 -0.173
father@N@SBJ stretch@V@ROOT arm@N@OBJ	SENTENCE	0.172 0.300 0.300 -0.366 0.406 0.120 -0.356 -0.451 -0.304 -0.232	0.715 0.255 0.410 -0.234 -0.219 -0.272 -0.183 -0.094 -0.086 -0.173
woman@N@SBJ ask@V@ROOT man@N@OBJ	SENTENCE	0.715 0.255 0.410 -0.234 -0.219 -0.272 -0.183 -0.094 -0.086 -0.173	0.715 0.255 0.410 -0.234 -0.219 -0.272 -0.183 -0.094 -0.086 -0.173
user@N@SBJ send@V@ROOT message@N@OBJ	SENTENCE	0.715 0.255 0.410 -0.234 -0.219 -0.272 -0.183 -0.094 -0.086 -0.173	0.715 0.255 0.410 -0.234 -0.219 -0.272 -0.183 -0.094 -0.086 -0.173
woman@N@SBJ drink@V@ROOT water@N@OBJ	SENTENCE	0.715 0.255 0.410 -0.234 -0.219 -0.272 -0.183 -0.094 -0.086 -0.173	0.715 0.255 0.410 -0.234 -0.219 -0.272 -0.183 -0.094 -0.086 -0.173
doctor@N@SBJ use@V@ROOT test@N@OBJ	SENTENCE	0.715 0.255 0.410 -0.234 -0.219 -0.272 -0.183 -0.094 -0.086 -0.173	0.715 0.255 0.410 -0.234 -0.219 -0.272 -0.183 -0.094 -0.086 -0.173
woman@N@SBJ drink@V@ROOT water@N@OBJ	SENTENCE	0.715 0.255 0.410 -0.234 -0.219 -0.272 -0.183 -0.094 -0.086 -0.173	0.715 0.255 0.410 -0.234 -0.219 -0.272 -0.183 -0.094 -0.086 -0.173
system@N@SBJ use@V@ROOT method@N@OBJ	SENTENCE	0.715 0.255 0.410 -0.234 -0.219 -0.272 -0.183 -0.094 -0.086 -0.173	0.715 0.255 0.410 -0.234 -0.219 -0.272 -0.183 -0.094 -0.086 -0.173
worker@N@SBJ join@V@ROOT party@N@OBJ	SENTENCE	-0.617 -0.181 -0.377 -0.249 -0.104 -0.200 -0.090 0.050 0.107 -0.557	0.715 0.255 0.410 -0.234 -0.219 -0.272 -0.183 -0.094 -0.086 -0.173
employee@N@SBJ leave@V@ROOT company@N@OBJ	SENTENCE	0.715 0.255 0.410 -0.234 -0.219 -0.272 -0.183 -0.094 -0.086 -0.173	0.715 0.255 0.410 -0.234 -0.219 -0.272 -0.183 -0.094 -0.086 -0.173
writer@N@SBJ read@V@ROOT word@N@OBJ	SENTENCE	0.715 0.255 0.410 -0.234 -0.219 -0.272 -0.183 -0.094 -0.086 -0.173	0.715 0.255 0.410 -0.234 -0.219 -0.272 -0.183 -0.094 -0.086 -0.173
family@N@SBJ receive@V@ROOT letter@N@OBJ	SENTENCE	0.715 0.255 0.410 -0.234 -0.219 -0.272 -0.183 -0.094 -0.086 -0.173	0.715 0.255 0.410 -0.234 -0.219 -0.272 -0.183 -0.094 -0.086 -0.173
writer@N@SBJ read@V@ROOT word@N@OBJ	SENTENCE	0.715 0.255 0.410 -0.234 -0.219 -0.272 -0.183 -0.094 -0.086 -0.173	0.715 0.255 0.410 -0.234 -0.219 -0.272 -0.183 -0.094 -0.086 -0.173
people@N@SBJ remember@V@ROOT name@N@OBJ	SENTENCE	0.715 0.255 0.410 -0.234 -0.219 -0.272 -0.183 -0.094 -0.086 -0.173	0.715 0.255 0.410 -0.234 -0.219 -0.272 -0.183 -0.094 -0.086 -0.173
